Last login: Fri Feb  8 11:35:50 on console
120-148:~ anthony.calarese$ cd downloads
120-148:downloads anthony.calarese$ cd Connect4-master
120-148:Connect4-master anthony.calarese$ go test
# _/Users/anthony.calarese/downloads/Connect4-master [_/Users/anthony.calarese/downloads/Connect4-master.test]
./util.go:8:2: syntax error: unexpected else, expecting }
./util.go:14:6: missing function body
./util.go:14:36: syntax error: unexpected bool, expecting (
./util.go:24:34: syntax error: unexpected ( after top level declaration
FAIL	_/Users/anthony.calarese/downloads/Connect4-master [build failed]
120-148:Connect4-master anthony.calarese$ go test
# _/Users/anthony.calarese/downloads/Connect4-master [_/Users/anthony.calarese/downloads/Connect4-master.test]
./util.go:8:2: syntax error: unexpected else, expecting }
./util.go:14:6: missing function body
./util.go:14:36: syntax error: unexpected bool, expecting (
./util.go:24:34: syntax error: unexpected ( after top level declaration
FAIL	_/Users/anthony.calarese/downloads/Connect4-master [build failed]
120-148:Connect4-master anthony.calarese$ go test
--- FAIL: TestDraw1 (0.00s)
    connect4_test.go:74: Test failed: expected true to be false
--- FAIL: TestWin2 (0.00s)
    connect4_test.go:133: Test failed: expected false to be true
--- FAIL: TestWin3 (0.00s)
    connect4_test.go:153: Test failed: expected false to be true
--- FAIL: TestWin4 (0.00s)
    connect4_test.go:173: Test failed: expected false to be true
--- FAIL: TestWin5 (0.00s)
    connect4_test.go:193: Test failed: expected false to be true
--- FAIL: TestConcurrentFindBestMove2 (0.00s)
    connect4_test.go:233: Test failed: expected 1 to be 4
FAIL
exit status 1
FAIL	_/Users/anthony.calarese/downloads/Connect4-master	0.003s
120-148:Connect4-master anthony.calarese$ go test
# _/Users/anthony.calarese/downloads/Connect4-master [_/Users/anthony.calarese/downloads/Connect4-master.test]
./connect4.go:138:31: syntax error: unexpected bool at end of statement
./connect4.go:166:38: syntax error: unexpected Piece, expecting comma or )
FAIL	_/Users/anthony.calarese/downloads/Connect4-master [build failed]
120-148:Connect4-master anthony.calarese$ go test
# _/Users/anthony.calarese/downloads/Connect4-master [_/Users/anthony.calarese/downloads/Connect4-master.test]
./connect4.go:138:31: syntax error: unexpected bool at end of statement
./connect4.go:161:38: syntax error: unexpected Piece, expecting comma or )
FAIL	_/Users/anthony.calarese/downloads/Connect4-master [build failed]
120-148:Connect4-master anthony.calarese$ go test
# _/Users/anthony.calarese/downloads/Connect4-master [_/Users/anthony.calarese/downloads/Connect4-master.test]
./connect4.go:103:28: invalid operation: board.position[x][y] && board.position[x + i][y] (operator && not defined on uint)
./connect4.go:111:28: invalid operation: board.position[x][y] && board.position[x][y + i] (operator && not defined on uint)
./connect4.go:121:28: invalid operation: board.position[x][y] && board.position[x + i][y + i] (operator && not defined on uint)
./connect4.go:129:28: invalid operation: board.position[x][y] && board.position[x - i][y - i] (operator && not defined on uint)
FAIL	_/Users/anthony.calarese/downloads/Connect4-master [build failed]
120-148:Connect4-master anthony.calarese$ clear



120-148:Connect4-master anthony.calarese$ go test
# _/Users/anthony.calarese/downloads/Connect4-master [_/Users/anthony.calarese/downloads/Connect4-master.test]
./connect4.go:103:28: invalid operation: board.position[x][y] && board.position[x + i][y] (operator && not defined on uint)
./connect4.go:111:28: invalid operation: board.position[x][y] && board.position[x][y + i] (operator && not defined on uint)
./connect4.go:121:28: invalid operation: board.position[x][y] && board.position[x + i][y + i] (operator && not defined on uint)
./connect4.go:129:28: invalid operation: board.position[x][y] && board.position[x - i][y - i] (operator && not defined on uint)
FAIL	_/Users/anthony.calarese/downloads/Connect4-master [build failed]
120-148:Connect4-master anthony.calarese$ clear


















































120-148:Connect4-master anthony.calarese$ go test
BUFFERBUFFER--- FAIL: TestDraw2 (0.00s)
    connect4_test.go:93: Test failed: expected false to be true
--- FAIL: TestWin1 (0.00s)
    connect4_test.go:113: Test failed: expected true to be false
--- FAIL: TestConcurrentFindBestMove2 (0.00s)
    connect4_test.go:233: Test failed: expected 1 to be 4
FAIL
exit status 1
FAIL	_/Users/anthony.calarese/downloads/Connect4-master	0.003s
120-148:Connect4-master anthony.calarese$ go test
BUFFERBUFFER--- FAIL: TestDraw2 (0.00s)
    connect4_test.go:96: Test failed: expected false to be true
Here--- FAIL: TestWin1 (0.00s)
    connect4_test.go:117: Test failed: expected true to be false
--- FAIL: TestConcurrentFindBestMove2 (0.00s)
    connect4_test.go:237: Test failed: expected 1 to be 4
FAIL
exit status 1
FAIL	_/Users/anthony.calarese/downloads/Connect4-master	0.003s
120-148:Connect4-master anthony.calarese$ clear










































120-148:Connect4-master anthony.calarese$ go test
BUFFERBUFFER--- FAIL: TestDraw2 (0.00s)
    connect4_test.go:93: Test failed: expected false to be true
--- FAIL: TestWin1 (0.00s)
    connect4_test.go:113: Test failed: expected true to be false
--- FAIL: TestConcurrentFindBestMove2 (0.00s)
    connect4_test.go:233: Test failed: expected 1 to be 4
FAIL
exit status 1
FAIL	_/Users/anthony.calarese/downloads/Connect4-master	0.004s
120-148:Connect4-master anthony.calarese$ 




















































